<?xml version="1.0" encoding="UTF-8"?>
<!-- Generated by org.testng.reporters.JUnitXMLReporter -->
<testsuite ignored="1" hostname="HSNKFB3" failures="0" tests="1" name="Gradle test" time="0.025" errors="0" timestamp="2022-07-05T12:26:47 EDT">
  <testcase classname="com.automation.api.tests.TestBase" name="@BeforeSuite loadProperties" time="0.004">
    <failure type="java.io.FileNotFoundException" message="C:\Users\NazmulHossain\Projects\external-api-qa\src\test\resources\null.properties (The system cannot find the file specified)">
      <![CDATA[java.io.FileNotFoundException: C:\Users\NazmulHossain\Projects\external-api-qa\src\test\resources\null.properties (The system cannot find the file specified)
at java.base/java.io.FileInputStream.open0(Native Method)
at java.base/java.io.FileInputStream.open(FileInputStream.java:219)
at java.base/java.io.FileInputStream.<init>(FileInputStream.java:157)
at com.automation.api.tests.TestBase.loadProperties(TestBase.java:23)
at com.sun.proxy.$Proxy2.stop(Unknown Source)
... Removed 36 stack frames]]>
    </failure>
  </testcase> <!-- @BeforeSuite loadProperties -->
  <testcase classname="com.automation.api.tests.ImpactApiTests" name="@BeforeClass setUrls" time="-1.657038407917E9">
    <skipped/>
  </testcase> <!-- @BeforeClass setUrls -->
  <testcase classname="com.automation.api.tests.ImpactApiTests" name="@BeforeMethod createAccessToken" time="-1.657038407924E9">
    <skipped/>
  </testcase> <!-- @BeforeMethod createAccessToken -->
  <testcase classname="com.automation.api.tests.ImpactApiTests" name="makeRequest" time="0.0">
    <skipped/>
  </testcase> <!-- makeRequest -->
  <testcase classname="com.automation.api.tests.TestBase" name="@BeforeSuite loadProperties" time="0.0">
    <ignored/>
  </testcase> <!-- @BeforeSuite loadProperties -->
</testsuite> <!-- Gradle test -->
